<?xml version="1.0" encoding="UTF-8"?>
<testng-results skipped="0" failed="0" ignored="0" total="1" passed="1">
  <reporter-output>
  </reporter-output>
  <suite name="Default suite" duration-ms="69749" started-at="2018-05-08T23:09:33Z" finished-at="2018-05-08T23:10:43Z">
    <groups>
    </groups>
    <test name="Default test" duration-ms="69749" started-at="2018-05-08T23:09:33Z" finished-at="2018-05-08T23:10:43Z">
      <class name="Snap">
        <test-method status="PASS" signature="snap()[pri:0, instance:Snap@3e6fa38a]" name="snap" duration-ms="69684" started-at="2018-05-08T23:09:33Z" finished-at="2018-05-08T23:10:43Z">
          <reporter-output>
          </reporter-output>
        </test-method> <!-- snap -->
      </class> <!-- Snap -->
    </test> <!-- Default test -->
  </suite> <!-- Default suite -->
</testng-results>
